This is pdfTeX, Version 3.141592653-2.6-1.40.22 (TeX Live 2022/dev/Debian) (preloaded format=pdftex 2023.10.8)  8 OCT 2023 21:10
entering extended mode
 restricted \write18 enabled.
 %&-line parsing enabled.
**output.tex
(./output.tex
! Undefined control sequence.
l.1 \hypertarget
                {tp-info-4067}{%
? 
! Undefined control sequence.
l.2 \section
            {TP INFO 4067}\label{tp-info-4067}}
? 
! Undefined control sequence.
l.2 \section{TP INFO 4067}\label
                                {tp-info-4067}}
? 
! Undefined control sequence.
l.4 Nom : \textbf
                 {Tomdieu TchadieuKo Ivan Gottfried}
? 
! Undefined control sequence.
l.6 Matricule : \textbf
                       {20U2947}
? 
! Undefined control sequence.
l.8 \hypertarget
                {exercice}{%
? 
! Undefined control sequence.
l.9 \subsection
               {Exercice}\label{exercice}}
? 
! Undefined control sequence.
l.9 \subsection{Exercice}\label
                               {exercice}}
? 
! Undefined control sequence.
l.11 \hypertarget
                 {singleton-pattern-singleton-class}{%
? 
! Undefined control sequence.
l.12 \subsubsection
                   {Singleton Pattern: Singleton
? 
! Undefined control sequence.
l.13 Class}\label
                 {singleton-pattern-singleton-class}}
? 
! Undefined control sequence.
l.15 \begin
           {itemize}
? 
! Undefined control sequence.
<argument> \textbf 
                   \enspace 
\llap #1->\hbox to\z@ {\hss #1
                              }
\textindent #1->\indent \llap {#1\enspace }
                                           \ignorespaces 
l.17   \textbf
              {Diagram UML}
? 
! Undefined control sequence.
l.19   \begin
             {figure}
? 
! Undefined control sequence.
l.21   \includegraphics
                       {diagram.png}
? 
! Missing number, treated as zero.
<to be read again> 
                   {
l.21   \includegraphics{
                        diagram.png}
? 
! Illegal unit of measure (pt inserted).
<to be read again> 
                   {
l.21   \includegraphics{
                        diagram.png}
? 
! Undefined control sequence.
l.22   \caption
               {Image Du Diagram UML}
? 
[1{/var/lib/texmf/fonts/map/pdftex/updmap/pdftex.map}] )</usr/share/texlive/tex
mf-dist/fonts/type1/public/amsfonts/cm/cmr10.pfb>
Output written on output.pdf (1 page, 19422 bytes).
PDF statistics:
 12 PDF objects out of 1000 (max. 8388607)
 7 compressed objects within 1 object stream
 0 named destinations out of 1000 (max. 500000)
 1 words of extra memory for PDF output out of 10000 (max. 10000000)

